CRITICAL - 2022-08-31 03:26:11 --> Allowed fields must be specified for model: App\Models\SilplineModel
in SYSTEMPATH\BaseModel.php on line 1139.
 1 SYSTEMPATH\BaseModel.php(1139): CodeIgniter\Database\Exceptions\DataException::forInvalidAllowedFields('App\\Models\\SilplineModel')
 2 SYSTEMPATH\BaseModel.php(841): CodeIgniter\BaseModel->doProtectFields([...])
 3 SYSTEMPATH\Model.php(693): CodeIgniter\BaseModel->update(null, [...])
 4 APPPATH\Controllers\Silpline.php(82): CodeIgniter\Model->update(null, [...])
 5 SYSTEMPATH\CodeIgniter.php(904): App\Controllers\Silpline->updateIdLine()
 6 SYSTEMPATH\CodeIgniter.php(457): CodeIgniter\CodeIgniter->runController(Object(App\Controllers\Silpline))
 7 SYSTEMPATH\CodeIgniter.php(340): CodeIgniter\CodeIgniter->handleRequest(null, Object(Config\Cache), false)
 8 FCPATH\index.php(67): CodeIgniter\CodeIgniter->run()
 9 SYSTEMPATH\Commands\Server\rewrite.php(43): require_once('FCPATH\\index.php')
CRITICAL - 2022-08-31 03:32:08 --> Allowed fields must be specified for model: App\Models\SilplineModel
in SYSTEMPATH\BaseModel.php on line 1139.
 1 SYSTEMPATH\BaseModel.php(1139): CodeIgniter\Database\Exceptions\DataException::forInvalidAllowedFields('App\\Models\\SilplineModel')
 2 SYSTEMPATH\BaseModel.php(841): CodeIgniter\BaseModel->doProtectFields([...])
 3 SYSTEMPATH\Model.php(693): CodeIgniter\BaseModel->update(null, [...])
 4 APPPATH\Controllers\Silpline.php(82): CodeIgniter\Model->update(null, [...])
 5 SYSTEMPATH\CodeIgniter.php(904): App\Controllers\Silpline->updateIdLine()
 6 SYSTEMPATH\CodeIgniter.php(457): CodeIgniter\CodeIgniter->runController(Object(App\Controllers\Silpline))
 7 SYSTEMPATH\CodeIgniter.php(340): CodeIgniter\CodeIgniter->handleRequest(null, Object(Config\Cache), false)
 8 FCPATH\index.php(67): CodeIgniter\CodeIgniter->run()
 9 SYSTEMPATH\Commands\Server\rewrite.php(43): require_once('FCPATH\\index.php')
CRITICAL - 2022-08-31 03:34:13 --> Allowed fields must be specified for model: App\Models\SilplineModel
in SYSTEMPATH\BaseModel.php on line 1139.
 1 SYSTEMPATH\BaseModel.php(1139): CodeIgniter\Database\Exceptions\DataException::forInvalidAllowedFields('App\\Models\\SilplineModel')
 2 SYSTEMPATH\BaseModel.php(841): CodeIgniter\BaseModel->doProtectFields([...])
 3 SYSTEMPATH\Model.php(693): CodeIgniter\BaseModel->update(null, [...])
 4 APPPATH\Controllers\Silpline.php(82): CodeIgniter\Model->update(null, [...])
 5 SYSTEMPATH\CodeIgniter.php(904): App\Controllers\Silpline->updateIdLine()
 6 SYSTEMPATH\CodeIgniter.php(457): CodeIgniter\CodeIgniter->runController(Object(App\Controllers\Silpline))
 7 SYSTEMPATH\CodeIgniter.php(340): CodeIgniter\CodeIgniter->handleRequest(null, Object(Config\Cache), false)
 8 FCPATH\index.php(67): CodeIgniter\CodeIgniter->run()
 9 SYSTEMPATH\Commands\Server\rewrite.php(43): require_once('FCPATH\\index.php')
CRITICAL - 2022-08-31 03:34:51 --> Allowed fields must be specified for model: App\Models\SilplineModel
in SYSTEMPATH\BaseModel.php on line 1139.
 1 SYSTEMPATH\BaseModel.php(1139): CodeIgniter\Database\Exceptions\DataException::forInvalidAllowedFields('App\\Models\\SilplineModel')
 2 SYSTEMPATH\BaseModel.php(841): CodeIgniter\BaseModel->doProtectFields([...])
 3 SYSTEMPATH\Model.php(693): CodeIgniter\BaseModel->update(null, [...])
 4 APPPATH\Controllers\Silpline.php(82): CodeIgniter\Model->update(null, [...])
 5 SYSTEMPATH\CodeIgniter.php(904): App\Controllers\Silpline->updateIdLine()
 6 SYSTEMPATH\CodeIgniter.php(457): CodeIgniter\CodeIgniter->runController(Object(App\Controllers\Silpline))
 7 SYSTEMPATH\CodeIgniter.php(340): CodeIgniter\CodeIgniter->handleRequest(null, Object(Config\Cache), false)
 8 FCPATH\index.php(67): CodeIgniter\CodeIgniter->run()
 9 SYSTEMPATH\Commands\Server\rewrite.php(43): require_once('FCPATH\\index.php')
CRITICAL - 2022-08-31 03:35:15 --> Allowed fields must be specified for model: App\Models\SilplineModel
in SYSTEMPATH\BaseModel.php on line 1139.
 1 SYSTEMPATH\BaseModel.php(1139): CodeIgniter\Database\Exceptions\DataException::forInvalidAllowedFields('App\\Models\\SilplineModel')
 2 SYSTEMPATH\BaseModel.php(841): CodeIgniter\BaseModel->doProtectFields([...])
 3 SYSTEMPATH\Model.php(693): CodeIgniter\BaseModel->update(null, [...])
 4 APPPATH\Controllers\Silpline.php(82): CodeIgniter\Model->update(null, [...])
 5 SYSTEMPATH\CodeIgniter.php(904): App\Controllers\Silpline->updateIdLine()
 6 SYSTEMPATH\CodeIgniter.php(457): CodeIgniter\CodeIgniter->runController(Object(App\Controllers\Silpline))
 7 SYSTEMPATH\CodeIgniter.php(340): CodeIgniter\CodeIgniter->handleRequest(null, Object(Config\Cache), false)
 8 FCPATH\index.php(67): CodeIgniter\CodeIgniter->run()
 9 SYSTEMPATH\Commands\Server\rewrite.php(43): require_once('FCPATH\\index.php')
CRITICAL - 2022-08-31 03:47:04 --> Allowed fields must be specified for model: App\Models\SilplineModel
in SYSTEMPATH\BaseModel.php on line 1139.
 1 SYSTEMPATH\BaseModel.php(1139): CodeIgniter\Database\Exceptions\DataException::forInvalidAllowedFields('App\\Models\\SilplineModel')
 2 SYSTEMPATH\BaseModel.php(841): CodeIgniter\BaseModel->doProtectFields([...])
 3 SYSTEMPATH\Model.php(693): CodeIgniter\BaseModel->update(null, [...])
 4 APPPATH\Controllers\Silpline.php(82): CodeIgniter\Model->update(null, [...])
 5 SYSTEMPATH\CodeIgniter.php(904): App\Controllers\Silpline->updateIdLine()
 6 SYSTEMPATH\CodeIgniter.php(457): CodeIgniter\CodeIgniter->runController(Object(App\Controllers\Silpline))
 7 SYSTEMPATH\CodeIgniter.php(340): CodeIgniter\CodeIgniter->handleRequest(null, Object(Config\Cache), false)
 8 FCPATH\index.php(67): CodeIgniter\CodeIgniter->run()
 9 SYSTEMPATH\Commands\Server\rewrite.php(43): require_once('FCPATH\\index.php')
CRITICAL - 2022-08-31 03:47:52 --> Allowed fields must be specified for model: App\Models\SilplineModel
in SYSTEMPATH\BaseModel.php on line 1139.
 1 SYSTEMPATH\BaseModel.php(1139): CodeIgniter\Database\Exceptions\DataException::forInvalidAllowedFields('App\\Models\\SilplineModel')
 2 SYSTEMPATH\BaseModel.php(841): CodeIgniter\BaseModel->doProtectFields([...])
 3 SYSTEMPATH\Model.php(693): CodeIgniter\BaseModel->update(null, [...])
 4 APPPATH\Controllers\Silpline.php(81): CodeIgniter\Model->update(null, [...])
 5 SYSTEMPATH\CodeIgniter.php(904): App\Controllers\Silpline->updateIdLine()
 6 SYSTEMPATH\CodeIgniter.php(457): CodeIgniter\CodeIgniter->runController(Object(App\Controllers\Silpline))
 7 SYSTEMPATH\CodeIgniter.php(340): CodeIgniter\CodeIgniter->handleRequest(null, Object(Config\Cache), false)
 8 FCPATH\index.php(67): CodeIgniter\CodeIgniter->run()
 9 SYSTEMPATH\Commands\Server\rewrite.php(43): require_once('FCPATH\\index.php')
CRITICAL - 2022-08-31 03:48:03 --> Allowed fields must be specified for model: App\Models\SilplineModel
in SYSTEMPATH\BaseModel.php on line 1139.
 1 SYSTEMPATH\BaseModel.php(1139): CodeIgniter\Database\Exceptions\DataException::forInvalidAllowedFields('App\\Models\\SilplineModel')
 2 SYSTEMPATH\BaseModel.php(841): CodeIgniter\BaseModel->doProtectFields([...])
 3 SYSTEMPATH\Model.php(693): CodeIgniter\BaseModel->update(null, [...])
 4 APPPATH\Controllers\Silpline.php(81): CodeIgniter\Model->update(null, [...])
 5 SYSTEMPATH\CodeIgniter.php(904): App\Controllers\Silpline->updateIdLine()
 6 SYSTEMPATH\CodeIgniter.php(457): CodeIgniter\CodeIgniter->runController(Object(App\Controllers\Silpline))
 7 SYSTEMPATH\CodeIgniter.php(340): CodeIgniter\CodeIgniter->handleRequest(null, Object(Config\Cache), false)
 8 FCPATH\index.php(67): CodeIgniter\CodeIgniter->run()
 9 SYSTEMPATH\Commands\Server\rewrite.php(43): require_once('FCPATH\\index.php')
CRITICAL - 2022-08-31 03:48:51 --> Allowed fields must be specified for model: App\Models\SilplineModel
in SYSTEMPATH\BaseModel.php on line 1139.
 1 SYSTEMPATH\BaseModel.php(1139): CodeIgniter\Database\Exceptions\DataException::forInvalidAllowedFields('App\\Models\\SilplineModel')
 2 SYSTEMPATH\BaseModel.php(841): CodeIgniter\BaseModel->doProtectFields([...])
 3 SYSTEMPATH\Model.php(693): CodeIgniter\BaseModel->update(null, [...])
 4 APPPATH\Controllers\Silpline.php(81): CodeIgniter\Model->update(null, [...])
 5 SYSTEMPATH\CodeIgniter.php(904): App\Controllers\Silpline->updateIdLine()
 6 SYSTEMPATH\CodeIgniter.php(457): CodeIgniter\CodeIgniter->runController(Object(App\Controllers\Silpline))
 7 SYSTEMPATH\CodeIgniter.php(340): CodeIgniter\CodeIgniter->handleRequest(null, Object(Config\Cache), false)
 8 FCPATH\index.php(67): CodeIgniter\CodeIgniter->run()
 9 SYSTEMPATH\Commands\Server\rewrite.php(43): require_once('FCPATH\\index.php')
CRITICAL - 2022-08-31 21:07:27 --> Allowed fields must be specified for model: App\Models\SilplineModel
in SYSTEMPATH\BaseModel.php on line 1139.
 1 SYSTEMPATH\BaseModel.php(1139): CodeIgniter\Database\Exceptions\DataException::forInvalidAllowedFields('App\\Models\\SilplineModel')
 2 SYSTEMPATH\BaseModel.php(841): CodeIgniter\BaseModel->doProtectFields([...])
 3 SYSTEMPATH\Model.php(693): CodeIgniter\BaseModel->update(null, [...])
 4 APPPATH\Controllers\Silpline.php(82): CodeIgniter\Model->update(null, [...])
 5 SYSTEMPATH\CodeIgniter.php(904): App\Controllers\Silpline->updateIdLine()
 6 SYSTEMPATH\CodeIgniter.php(457): CodeIgniter\CodeIgniter->runController(Object(App\Controllers\Silpline))
 7 SYSTEMPATH\CodeIgniter.php(340): CodeIgniter\CodeIgniter->handleRequest(null, Object(Config\Cache), false)
 8 FCPATH\index.php(67): CodeIgniter\CodeIgniter->run()
 9 SYSTEMPATH\Commands\Server\rewrite.php(43): require_once('FCPATH\\index.php')
CRITICAL - 2022-08-31 21:09:40 --> Allowed fields must be specified for model: App\Models\SilplineModel
in SYSTEMPATH\BaseModel.php on line 1139.
 1 SYSTEMPATH\BaseModel.php(1139): CodeIgniter\Database\Exceptions\DataException::forInvalidAllowedFields('App\\Models\\SilplineModel')
 2 SYSTEMPATH\BaseModel.php(841): CodeIgniter\BaseModel->doProtectFields([...])
 3 SYSTEMPATH\Model.php(693): CodeIgniter\BaseModel->update([...], [...])
 4 APPPATH\Controllers\Silpline.php(82): CodeIgniter\Model->update('HTC01-650073', [...])
 5 SYSTEMPATH\CodeIgniter.php(904): App\Controllers\Silpline->updateIdLine()
 6 SYSTEMPATH\CodeIgniter.php(457): CodeIgniter\CodeIgniter->runController(Object(App\Controllers\Silpline))
 7 SYSTEMPATH\CodeIgniter.php(340): CodeIgniter\CodeIgniter->handleRequest(null, Object(Config\Cache), false)
 8 FCPATH\index.php(67): CodeIgniter\CodeIgniter->run()
 9 SYSTEMPATH\Commands\Server\rewrite.php(43): require_once('FCPATH\\index.php')
