CRITICAL - 2022-09-01 04:17:08 --> Invalid argument supplied for foreach()
in APPPATH\Controllers\Silpline.php on line 70.
 1 APPPATH\Controllers\Silpline.php(70): CodeIgniter\Debug\Exceptions->errorHandler(2, 'Invalid argument supplied for foreach()', 'APPPATH\\Controllers\\Silpline.php', 70, [...])
 2 SYSTEMPATH\CodeIgniter.php(904): App\Controllers\Silpline->getSilp('HTC01-650073')
 3 SYSTEMPATH\CodeIgniter.php(457): CodeIgniter\CodeIgniter->runController(Object(App\Controllers\Silpline))
 4 SYSTEMPATH\CodeIgniter.php(340): CodeIgniter\CodeIgniter->handleRequest(null, Object(Config\Cache), false)
 5 FCPATH\index.php(67): CodeIgniter\CodeIgniter->run()
 6 SYSTEMPATH\Commands\Server\rewrite.php(43): require_once('FCPATH\\index.php')
CRITICAL - 2022-09-01 04:17:32 --> Invalid argument supplied for foreach()
in APPPATH\Controllers\Silpline.php on line 70.
 1 APPPATH\Controllers\Silpline.php(70): CodeIgniter\Debug\Exceptions->errorHandler(2, 'Invalid argument supplied for foreach()', 'APPPATH\\Controllers\\Silpline.php', 70, [...])
 2 SYSTEMPATH\CodeIgniter.php(904): App\Controllers\Silpline->getSilp('HTC01-650073')
 3 SYSTEMPATH\CodeIgniter.php(457): CodeIgniter\CodeIgniter->runController(Object(App\Controllers\Silpline))
 4 SYSTEMPATH\CodeIgniter.php(340): CodeIgniter\CodeIgniter->handleRequest(null, Object(Config\Cache), false)
 5 FCPATH\index.php(67): CodeIgniter\CodeIgniter->run()
 6 SYSTEMPATH\Commands\Server\rewrite.php(43): require_once('FCPATH\\index.php')
CRITICAL - 2022-09-01 04:29:45 --> Invalid argument supplied for foreach()
in APPPATH\Controllers\Silpline.php on line 70.
 1 APPPATH\Controllers\Silpline.php(70): CodeIgniter\Debug\Exceptions->errorHandler(2, 'Invalid argument supplied for foreach()', 'APPPATH\\Controllers\\Silpline.php', 70, [...])
 2 SYSTEMPATH\CodeIgniter.php(904): App\Controllers\Silpline->getSilp('HTC01-650073')
 3 SYSTEMPATH\CodeIgniter.php(457): CodeIgniter\CodeIgniter->runController(Object(App\Controllers\Silpline))
 4 SYSTEMPATH\CodeIgniter.php(340): CodeIgniter\CodeIgniter->handleRequest(null, Object(Config\Cache), false)
 5 FCPATH\index.php(67): CodeIgniter\CodeIgniter->run()
 6 SYSTEMPATH\Commands\Server\rewrite.php(43): require_once('FCPATH\\index.php')
